<?xml version="1.0" encoding="UTF-8"?>
<!-- Generated by org.testng.reporters.JUnitXMLReporter -->
<testsuite hostname="egy-mmahran-nb3" name="Default test" tests="6" failures="0" timestamp="1 Oct 2019 13:43:35 GMT" time="130.637" errors="0">
  <testcase name="TestBasics" time="7.515" classname="com.tests.tests"/>
  <testcase name="TestDragAndDrop" time="14.037" classname="com.tests.tests"/>
  <testcase name="TestGestures" time="9.156" classname="com.tests.tests"/>
  <testcase name="TestScrollingDemo" time="7.57" classname="com.tests.tests"/>
  <testcase name="TestSwipDemo" time="14.385" classname="com.tests.tests"/>
  <testcase name="TestUsingUiautomatorTest" time="2.803" classname="com.tests.tests"/>
</testsuite> <!-- Default test -->
